<?xml version="1.0" encoding="UTF-8"?>
<!-- Generated by org.testng.reporters.JUnitXMLReporter -->
<testsuite hostname="Abe-laptop" ignored="0" name="All Functionalities" tests="3" failures="0" timestamp="2022-06-07T02:00:03 CDT" time="25.313" errors="0">
  <testcase name="testCarSignInPage" time="5.747" classname="scripts.CarsTest"/>
  <testcase name="testValidateSocialMedia" time="5.021" classname="scripts.CarsTest"/>
  <testcase name="testInvalidCredentials" time="6.32" classname="scripts.CarsTest"/>
</testsuite> <!-- All Functionalities -->
