<?xml version="1.0" encoding="UTF-8"?>
<!-- Generated by org.testng.reporters.JUnitXMLReporter -->
<testsuite hostname="Abe-laptop" ignored="0" name="All Functionalities" tests="3" failures="0" timestamp="2022-06-07T01:47:27 CDT" time="25.083" errors="0">
  <testcase name="testCarSignInPage" time="5.257" classname="scripts.CarsTest"/>
  <testcase name="testValidateSocialMedia" time="4.899" classname="scripts.CarsTest"/>
  <testcase name="testInvalidCredentials" time="6.544" classname="scripts.CarsTest"/>
</testsuite> <!-- All Functionalities -->
